[09:46:30] [myUtils.Logger]: Log created 2022-11-28-1.log
[09:46:30] [Blatt5.Vektor]: Bitte leange der Vektoren angeben
[09:46:33] [Blatt5.Vektor]: User input: 10
[09:46:33] [Blatt5.Vektor]: Bitte eine Zahl fuer die Skalarmultiplikation eingeben
[09:46:34] [Blatt5.Vektor]: User input: 10
[09:46:34] [Blatt5.Vektor]: Zufaellige zahlen? Y/N
[09:46:34] [Blatt5.Vektor]: Bitte 10 Zahlen der form a, b, c, ... fuer Vektor x eigeben
[09:46:36] [Blatt5.Vektor]: User input: 10
[09:46:36] [Blatt5.Vektor]: Bitte 10 Zahlen der form a, b, c, ... fuer Vektor y eigeben
[09:46:36] [Blatt5.Vektor]: User input: 10
[09:46:36] [myUtils.Measurement]: Messurment started
[09:46:36] [Blatt5.Vektor]: x = [10.0]
[09:46:36] [Blatt5.Vektor]: y = [10.0]
[09:46:36] [Blatt5.Vektor]: x + y = [20.0]
[09:46:36] [Blatt5.Vektor]: x - y = [0.0]
[09:46:36] [Blatt5.Vektor]: x * y = [100.0]
[09:46:36] [Blatt5.Vektor]: x / y = [1.0]
[09:46:36] [Blatt5.Vektor]: x * l = [100.0]
[09:46:36] [Blatt5.Vektor]: y * l = [100.0]
[09:46:36] [Blatt5.Vektor]: x @ y = 100
[09:46:36] [myUtils.Measurement]: Messurment end
[09:46:36] [myUtils.Measurement]: Processing time 32 ms
